<?xml version="1.0" encoding="UTF-8"?>
<!-- Generated by org.testng.reporters.JUnitXMLReporter -->
<testsuite ignored="3" hostname="Kani-HP" failures="0" tests="2" name="OpenMRS Test" time="32.92" errors="0" timestamp="2021-10-12T07:48:42 IST">
  <testcase classname="com.openmrs.testcases.TC001_SuccessfulLoginTest" name="successfulLoginTest" time="5.429"/>
  <testcase classname="com.openmrs.testcases.TC002_UnsuccessfulLoginTest" name="successfulLoginTest" time="6.004"/>
  <testcase classname="com.openmrs.wrappers.ProjectWrappers" name="@BeforeSuite beforeSuite" time="0.0">
    <ignored/>
  </testcase> <!-- @BeforeSuite beforeSuite -->
  <testcase classname="com.openmrs.wrappers.ProjectWrappers" name="@AfterTest afterTest" time="0.0">
    <ignored/>
  </testcase> <!-- @AfterTest afterTest -->
  <testcase classname="com.openmrs.wrappers.ProjectWrappers" name="@AfterSuite afterSuite" time="0.0">
    <ignored/>
  </testcase> <!-- @AfterSuite afterSuite -->
</testsuite> <!-- OpenMRS Test -->
