<?xml version="1.0" encoding="UTF-8"?>
<!-- Generated by org.testng.reporters.JUnitXMLReporter -->
<testsuite ignored="8" hostname="Kani-HP" failures="0" tests="3" name="Test" time="154.619" errors="0" timestamp="2021-10-18T19:02:13 IST">
  <testcase classname="com.openmrs.testcases.TC001_SuccessfulLoginTest" name="successfulLoginTest" time="10.037"/>
  <testcase classname="com.openmrs.testcases.TC002_UnsuccessfulLoginTest" name="unSuccessfulLoginTest" time="2.578"/>
  <testcase classname="com.openmrs.testcases.TC003_CreateAndDeletePatient" name="createPatientAndDelete" time="111.965"/>
  <testcase classname="com.openmrs.wrappers.ProjectWrappers" name="@BeforeSuite beforeSuite" time="0.0">
    <ignored/>
  </testcase> <!-- @BeforeSuite beforeSuite -->
  <testcase classname="com.openmrs.wrappers.ProjectWrappers" name="@BeforeSuite beforeSuite" time="0.0">
    <ignored/>
  </testcase> <!-- @BeforeSuite beforeSuite -->
  <testcase classname="com.openmrs.wrappers.ProjectWrappers" name="@AfterTest afterTest" time="0.0">
    <ignored/>
  </testcase> <!-- @AfterTest afterTest -->
  <testcase classname="com.openmrs.wrappers.ProjectWrappers" name="@AfterTest afterTest" time="0.0">
    <ignored/>
  </testcase> <!-- @AfterTest afterTest -->
  <testcase classname="com.openmrs.wrappers.ProjectWrappers" name="@AfterSuite afterSuite" time="0.0">
    <ignored/>
  </testcase> <!-- @AfterSuite afterSuite -->
  <testcase classname="com.openmrs.wrappers.ProjectWrappers" name="@AfterSuite afterSuite" time="0.0">
    <ignored/>
  </testcase> <!-- @AfterSuite afterSuite -->
  <testcase classname="com.openmrs.wrappers.ProjectWrappers" name="@BeforeTest beforeTest" time="0.0">
    <ignored/>
  </testcase> <!-- @BeforeTest beforeTest -->
  <testcase classname="com.openmrs.wrappers.ProjectWrappers" name="@BeforeTest beforeTest" time="0.0">
    <ignored/>
  </testcase> <!-- @BeforeTest beforeTest -->
</testsuite> <!-- Test -->
